<?xml version="1.0" encoding="utf-8" standalone="no"?>
<!--This file represents the results of running a test suite-->
<test-results name="Y:\src\Fing\FingTest\bin\Debug\FingTest.dll" total="3" errors="0" failures="1" not-run="0" inconclusive="0" ignored="0" skipped="0" invalid="0" date="2010-04-18" time="14:30:04">
  <environment nunit-version="2.5.4.10098" clr-version="2.0.50727.3603" os-version="Microsoft Windows NT 5.1.2600 Service Pack 3" platform="Win32NT" cwd="C:\Program Files\NUnit 2.5.4\bin\net-2.0" machine-name="ZACKMAN-9BD48AF" user="Administrator" user-domain="ZACKMAN-9BD48AF" />
  <culture-info current-culture="en-US" current-uiculture="en-US" />
  <test-suite type="Assembly" name="Y:\src\Fing\FingTest\bin\Debug\FingTest.dll" executed="True" result="Failure" success="False" time="1.656" asserts="0">
    <results>
      <test-suite type="TestFixture" name="Tester+Tester" executed="True" result="Failure" success="False" time="1.656" asserts="0">
        <results>
          <test-case name="Tester+Tester.ParseTest" executed="True" result="Success" success="True" time="0.422" asserts="93" />
          <test-case name="Tester+Tester.SubstTest" executed="True" result="Failure" success="False" time="0.063" asserts="4">
            <failure>
              <message><![CDATA[  Var (Choice [Normal "a"; Normal "b"; Structural "c"; Anonymous])
  Expected: <set [Types+Typar; Types+Typar+Normal; Types+Typar+Normal; ... ]>
  But was:  <set [Types+Typar; Types+Typar+Normal; Types+Typar+Normal; ... ]>
]]></message>
              <stack-trace><![CDATA[at Tester.t@394.Invoke(Typ sub) in Y:\src\Fing\FingTest\Tester.fs:line 394
at Microsoft.FSharp.Collections.SeqModule.Iterate[T](FSharpFunc`2 action, IEnumerable`1 source)
at Tester.Tester.SubstTest() in Y:\src\Fing\FingTest\Tester.fs:line 397
]]></stack-trace>
            </failure>
          </test-case>
          <test-case name="Tester+Tester.UsedVarTest" executed="True" result="Success" success="True" time="1.141" asserts="91" />
        </results>
      </test-suite>
    </results>
  </test-suite>
</test-results>